h:\ensc 251\assignment-1\ensc 251 assignment 1\debug\rational.obj
h:\ensc 251\assignment-1\ensc 251 assignment 1\debug\vc100.pdb
h:\ensc 251\assignment-1\debug\ensc 251 assignment 1.ilk
h:\ensc 251\assignment-1\debug\ensc 251 assignment 1.exe
h:\ensc 251\assignment-1\ensc 251 assignment 1\debug\ensc 251 assignment 1.exe.intermediate.manifest
h:\ensc 251\assignment-1\debug\ensc 251 assignment 1.pdb
d:\my documents\visual studio projects\ensc  251\assignment-1\ensc 251 assignment 1\debug\ensc 251 assignment 1.vcxprojresolveassemblyreference.cache
d:\my documents\visual studio projects\ensc  251\assignment-1\ensc 251 assignment 1\debug\rational.obj
d:\my documents\visual studio projects\ensc  251\assignment-1\ensc 251 assignment 1\debug\cl.command.1.tlog
d:\my documents\visual studio projects\ensc  251\assignment-1\ensc 251 assignment 1\debug\cl.read.1.tlog
d:\my documents\visual studio projects\ensc  251\assignment-1\ensc 251 assignment 1\debug\cl.write.1.tlog
d:\my documents\visual studio projects\ensc  251\assignment-1\ensc 251 assignment 1\debug\ensc 251 assignment 1.write.1.tlog
d:\my documents\visual studio projects\ensc  251\assignment-1\ensc 251 assignment 1\debug\link.command.1.tlog
d:\my documents\visual studio projects\ensc  251\assignment-1\ensc 251 assignment 1\debug\link.read.1.tlog
d:\my documents\visual studio projects\ensc  251\assignment-1\ensc 251 assignment 1\debug\link.write.1.tlog
d:\my documents\visual studio projects\ensc  251\assignment-1\ensc 251 assignment 1\debug\mt.command.1.tlog
d:\my documents\visual studio projects\ensc  251\assignment-1\ensc 251 assignment 1\debug\mt.read.1.tlog
d:\my documents\visual studio projects\ensc  251\assignment-1\ensc 251 assignment 1\debug\mt.write.1.tlog
d:\my documents\visual studio projects\ensc  251\assignment-1\ensc 251 assignment 1\debug\ensc 251 assignment 1.exe.intermediate.manifest
d:\my documents\visual studio projects\ensc  251\assignment-1\ensc 251 assignment 1\debug\vc100.idb
d:\my documents\visual studio projects\ensc  251\assignment-1\ensc 251 assignment 1\debug\vc100.pdb
d:\my documents\visual studio projects\ensc  251\assignment-1\debug\ensc 251 assignment 1.pdb
d:\my documents\visual studio projects\ensc  251\assignment-1\debug\ensc 251 assignment 1.exe
d:\my documents\visual studio projects\ensc  251\assignment-1\debug\ensc 251 assignment 1.ilk
